<?xml version="1.0" encoding="UTF-8"?>
<!-- Generated by org.testng.reporters.JUnitXMLReporter -->
<testsuite hostname="USER-20161225UH" name="Default test" tests="3" failures="0" timestamp="6 Jan 2018 13:22:30 GMT" time="0.025" errors="0">
  <testcase name="loginsucces" time="0.002" classname="com.msyidai.cases.login">
    <skipped/>
  </testcase> <!-- loginsucces -->
  <testcase name="loginpasswordflase" time="0.001" classname="com.msyidai.cases.login">
    <skipped/>
  </testcase> <!-- loginpasswordflase -->
  <testcase name="loginusenameflase" time="0.001" classname="com.msyidai.cases.login">
    <skipped/>
  </testcase> <!-- loginusenameflase -->
</testsuite> <!-- Default test -->
