<?xml version="1.0" encoding="UTF-8"?>
<testsuite xmlns:xsi="http://www.w3.org/2001/XMLSchema-instance" xsi:schemaLocation="https://maven.apache.org/surefire/maven-surefire-plugin/xsd/surefire-test-report.xsd" name="TestSuite" time="3.193" tests="5" errors="0" skipped="4" failures="1">
  <properties>
[...]
</properties>
  <testcase name="setup" classname="com.msyidai.cases.login" time="2.306">
    <failure message="The driver executable does not exist: D:\chromedriver.exe" type="java.lang.IllegalStateException">java.lang.IllegalStateException: The driver executable does not exist: D:\chromedriver.exe
</failure>
    <system-out><![CDATA[[INFO ] [2018-01-08 19:56:43] method:com.msyidai.utils.Mylistener.onExecutionStart(Mylistener.java:94): 测试开始执行
[INFO ] [2018-01-08 19:56:44] method:com.msyidai.utils.Mylistener.onStart(Mylistener.java:106): 易贷自动化测试开始执行
]]></system-out>
  </testcase>
  <testcase name="loginsucces" classname="com.msyidai.cases.login" time="0">
    <skipped/>
    <system-out><![CDATA[[INFO ] [2018-01-08 19:56:44] method:com.msyidai.utils.Mylistener.onStart(Mylistener.java:66): 登陆页面测试
]]></system-out>
  </testcase>
  <testcase name="loginpasswordflase" classname="com.msyidai.cases.login" time="0">
    <skipped/>
    <system-out><![CDATA[[ERROR] [2018-01-08 19:56:44] method:com.msyidai.utils.Mylistener.onTestSkipped(Mylistener.java:54): 跳过用例：正常登陆测试
]]></system-out>
  </testcase>
  <testcase name="loginusenameflase" classname="com.msyidai.cases.login" time="0">
    <skipped/>
    <system-out><![CDATA[[ERROR] [2018-01-08 19:56:44] method:com.msyidai.utils.Mylistener.onTestSkipped(Mylistener.java:54): 跳过用例：密码错误测试
]]></system-out>
  </testcase>
  <testcase name="tearDown" classname="com.msyidai.cases.login" time="0">
    <skipped/>
    <system-out><![CDATA[[ERROR] [2018-01-08 19:56:44] method:com.msyidai.utils.Mylistener.onTestSkipped(Mylistener.java:54): 跳过用例：账户错误测试
]]></system-out>
  </testcase>
</testsuite>