<?xml version="1.0" encoding="UTF-8"?>
<!-- Generated by org.testng.reporters.JUnitXMLReporter -->
<testsuite hostname="lenovo" name="登陆页面测试 " tests="9" failures="9" timestamp="16 Jan 2018 08:09:02 GMT" time="28.914" errors="0">
  <testcase name="loginsucces" time="4.014" classname="com.msyidai.cases.login">
    <failure type="java.lang.AssertionError" message="expected [true] but found [false]">
      <![CDATA[java.lang.AssertionError: expected [true] but found [false]
	at com.msyidai.cases.login.loginsucces(login.java:20)
... Removed 33 stack frames]]>
    </failure>
  </testcase> <!-- loginsucces -->
  <testcase name="loginsucces" time="5.369" classname="com.msyidai.cases.login">
    <failure type="java.lang.AssertionError" message="expected [true] but found [false]">
      <![CDATA[java.lang.AssertionError: expected [true] but found [false]
	at com.msyidai.cases.login.loginsucces(login.java:20)
... Removed 33 stack frames]]>
    </failure>
  </testcase> <!-- loginsucces -->
  <testcase name="loginsucces" time="2.382" classname="com.msyidai.cases.login">
    <failure type="java.lang.AssertionError" message="expected [true] but found [false]">
      <![CDATA[java.lang.AssertionError: expected [true] but found [false]
	at com.msyidai.cases.login.loginsucces(login.java:20)
... Removed 33 stack frames]]>
    </failure>
  </testcase> <!-- loginsucces -->
  <testcase name="loginpasswordflase" time="2.159" classname="com.msyidai.cases.login">
    <failure type="java.lang.AssertionError" message="密码错误 expected [true] but found [false]">
      <![CDATA[java.lang.AssertionError: 密码错误 expected [true] but found [false]
	at com.msyidai.cases.login.loginpasswordflase(login.java:29)
... Removed 28 stack frames]]>
    </failure>
  </testcase> <!-- loginpasswordflase -->
  <testcase name="loginpasswordflase" time="2.22" classname="com.msyidai.cases.login">
    <failure type="java.lang.AssertionError" message="密码错误 expected [true] but found [false]">
      <![CDATA[java.lang.AssertionError: 密码错误 expected [true] but found [false]
	at com.msyidai.cases.login.loginpasswordflase(login.java:29)
... Removed 28 stack frames]]>
    </failure>
  </testcase> <!-- loginpasswordflase -->
  <testcase name="loginpasswordflase" time="2.792" classname="com.msyidai.cases.login">
    <failure type="java.lang.AssertionError" message="密码错误 expected [true] but found [false]">
      <![CDATA[java.lang.AssertionError: 密码错误 expected [true] but found [false]
	at com.msyidai.cases.login.loginpasswordflase(login.java:29)
... Removed 28 stack frames]]>
    </failure>
  </testcase> <!-- loginpasswordflase -->
  <testcase name="loginusenameflase" time="2.191" classname="com.msyidai.cases.login">
    <failure type="java.lang.AssertionError" message="账户错误 expected [true] but found [false]">
      <![CDATA[java.lang.AssertionError: 账户错误 expected [true] but found [false]
	at com.msyidai.cases.login.loginusenameflase(login.java:36)
... Removed 28 stack frames]]>
    </failure>
  </testcase> <!-- loginusenameflase -->
  <testcase name="loginusenameflase" time="2.224" classname="com.msyidai.cases.login">
    <failure type="java.lang.AssertionError" message="账户错误 expected [true] but found [false]">
      <![CDATA[java.lang.AssertionError: 账户错误 expected [true] but found [false]
	at com.msyidai.cases.login.loginusenameflase(login.java:36)
... Removed 28 stack frames]]>
    </failure>
  </testcase> <!-- loginusenameflase -->
  <testcase name="loginusenameflase" time="2.014" classname="com.msyidai.cases.login">
    <failure type="java.lang.AssertionError" message="账户错误 expected [true] but found [false]">
      <![CDATA[java.lang.AssertionError: 账户错误 expected [true] but found [false]
	at com.msyidai.cases.login.loginusenameflase(login.java:36)
... Removed 28 stack frames]]>
    </failure>
  </testcase> <!-- loginusenameflase -->
</testsuite> <!-- 登陆页面测试  -->
